[2025-10-24 21:15:06] Starting auto-sync...
[2025-10-24 21:15:06] Changes detected, committing...
[main 7f14c54] Auto-sync: 2025-10-24 21:15:06
 4 files changed, 61 insertions(+), 5 deletions(-)
 create mode 100644 .auto-sync.log
 create mode 100755 .auto-sync.sh
[2025-10-24 21:15:06] Changes committed
[2025-10-24 21:15:06] Pulling latest changes...
error: cannot pull with rebase: You have unstaged changes.
error: please commit or stash them.
[2025-10-24 21:15:06] Pull failed - check log for details
[2025-10-24 21:15:06] Pushing changes...
To https://github.com/zee-mon/simon.git
   988a81a..7f14c54  main -> main
[2025-10-24 21:15:08] Push successful
[2025-10-24 21:15:08] Auto-sync completed
[2025-10-24 21:15:08] ---
[2025-10-24 21:15:42] Starting auto-sync...
[2025-10-24 21:15:42] Pulling latest changes...
From https://github.com/zee-mon/simon
 * branch            main       -> FETCH_HEAD
Already up to date.
[2025-10-24 21:15:44] Pull successful
[2025-10-24 21:15:44] Changes detected, committing...
[main 7842d44] Auto-sync: 2025-10-24 21:15:44
 3 files changed, 46 insertions(+), 16 deletions(-)
[2025-10-24 21:15:44] Changes committed
[2025-10-24 21:15:44] Pushing changes...
To https://github.com/zee-mon/simon.git
   7f14c54..7842d44  main -> main
[2025-10-24 21:15:46] Push successful
[2025-10-24 21:15:46] Auto-sync completed
[2025-10-24 21:15:46] ---
[2025-10-24 21:30:46] Starting auto-sync...
[2025-10-24 21:30:46] Pulling latest changes...
From https://github.com/zee-mon/simon
 * branch            main       -> FETCH_HEAD
Already up to date.
[2025-10-24 21:30:48] Pull successful
[2025-10-24 21:30:48] Changes detected, committing...
